0 info it worked if it ends with ok
1 verbose cli [ 'node', '/usr/bin/npm', 'publish' ]
2 info using npm@1.2.10
3 info using node@v0.8.19
4 verbose node symlink /usr/bin/node
5 verbose publish [ '.' ]
6 verbose read json /Volumes/Development/github/partial.js/package.json
7 verbose cache add [ '.', null ]
8 verbose cache add name=undefined spec="." args=[".",null]
9 verbose parsed url { pathname: '.', path: '.', href: '.' }
10 silly lockFile 3a52ce78- .
11 verbose lock . /Users/petersirka/.npm/3a52ce78-.lock
12 verbose read json package.json
13 verbose tar pack [ '/var/folders/jt/gylbm9cs0wg_mxfkzzn8bh_40000gn/T/npm-64881/1360607459816-0.9431719109416008/tmp.tgz',
13 verbose tar pack   '.' ]
14 verbose tarball /var/folders/jt/gylbm9cs0wg_mxfkzzn8bh_40000gn/T/npm-64881/1360607459816-0.9431719109416008/tmp.tgz
15 verbose folder .
16 info prepublish partial.js@1.1.8-4
17 silly lockFile 3a52ce78- .
18 verbose lock . /Users/petersirka/.npm/3a52ce78-.lock
19 silly lockFile 887113ad-59816-0-9431719109416008-tmp-tgz /var/folders/jt/gylbm9cs0wg_mxfkzzn8bh_40000gn/T/npm-64881/1360607459816-0.9431719109416008/tmp.tgz
20 verbose lock /var/folders/jt/gylbm9cs0wg_mxfkzzn8bh_40000gn/T/npm-64881/1360607459816-0.9431719109416008/tmp.tgz /Users/petersirka/.npm/887113ad-59816-0-9431719109416008-tmp-tgz.lock
21 silly lockFile 3a52ce78- .
22 silly lockFile 3a52ce78- .
23 silly lockFile 887113ad-59816-0-9431719109416008-tmp-tgz /var/folders/jt/gylbm9cs0wg_mxfkzzn8bh_40000gn/T/npm-64881/1360607459816-0.9431719109416008/tmp.tgz
24 silly lockFile 887113ad-59816-0-9431719109416008-tmp-tgz /var/folders/jt/gylbm9cs0wg_mxfkzzn8bh_40000gn/T/npm-64881/1360607459816-0.9431719109416008/tmp.tgz
25 verbose tar unpack /var/folders/jt/gylbm9cs0wg_mxfkzzn8bh_40000gn/T/npm-64881/1360607459816-0.9431719109416008/tmp.tgz
26 silly lockFile ffb0494f-59816-0-9431719109416008-package /var/folders/jt/gylbm9cs0wg_mxfkzzn8bh_40000gn/T/npm-64881/1360607459816-0.9431719109416008/package
27 verbose lock /var/folders/jt/gylbm9cs0wg_mxfkzzn8bh_40000gn/T/npm-64881/1360607459816-0.9431719109416008/package /Users/petersirka/.npm/ffb0494f-59816-0-9431719109416008-package.lock
28 silly lockFile 887113ad-59816-0-9431719109416008-tmp-tgz /var/folders/jt/gylbm9cs0wg_mxfkzzn8bh_40000gn/T/npm-64881/1360607459816-0.9431719109416008/tmp.tgz
29 verbose lock /var/folders/jt/gylbm9cs0wg_mxfkzzn8bh_40000gn/T/npm-64881/1360607459816-0.9431719109416008/tmp.tgz /Users/petersirka/.npm/887113ad-59816-0-9431719109416008-tmp-tgz.lock
30 silly gunzTarPerm modes [ '755', '644' ]
31 silly gunzTarPerm extractEntry package.json
32 silly gunzTarPerm extractEntry .npmignore
33 silly gunzTarPerm extractEntry builders.js
34 silly gunzTarPerm extractEntry couchdb.js
35 silly gunzTarPerm extractEntry rdbms.js
36 silly gunzTarPerm extractEntry picture.js
37 silly gunzTarPerm extractEntry index.js
38 silly gunzTarPerm extractEntry mongodb.js
39 silly gunzTarPerm extractEntry markdown.js
40 silly gunzTarPerm extractEntry utils.js
41 silly gunzTarPerm extractEntry mail.js
42 silly gunzTarPerm extractEntry bin/partial
43 silly gunzTarPerm modified mode [ 'bin/partial', 511, 493 ]
44 silly gunzTarPerm extractEntry lib/builders.js
45 silly gunzTarPerm extractEntry lib/javascript.js
46 silly gunzTarPerm extractEntry lib/less.js
47 silly gunzTarPerm extractEntry lib/mail.js
48 silly gunzTarPerm extractEntry lib/internal.js
49 silly gunzTarPerm extractEntry lib/mongodb.js
50 silly gunzTarPerm extractEntry lib/multipart.js
51 silly gunzTarPerm extractEntry lib/picture.js
52 silly gunzTarPerm extractEntry lib/prototypes.js
53 silly gunzTarPerm extractEntry lib/rdbms.js
54 silly gunzTarPerm extractEntry lib/index.js
55 silly gunzTarPerm extractEntry lib/subscribe.js
56 silly gunzTarPerm extractEntry lib/couchdb.js
57 silly gunzTarPerm extractEntry lib/template.js
58 silly gunzTarPerm extractEntry lib/controller.js
59 silly gunzTarPerm extractEntry lib/utils.js
60 silly gunzTarPerm extractEntry lib/cache.js
61 silly gunzTarPerm extractEntry lib/view.js
62 silly gunzTarPerm extractEntry lib/markdown.js
63 silly gunzTarPerm extractEntry readme.md
64 verbose read json /var/folders/jt/gylbm9cs0wg_mxfkzzn8bh_40000gn/T/npm-64881/1360607459816-0.9431719109416008/package/package.json
65 silly lockFile ffb0494f-59816-0-9431719109416008-package /var/folders/jt/gylbm9cs0wg_mxfkzzn8bh_40000gn/T/npm-64881/1360607459816-0.9431719109416008/package
66 silly lockFile ffb0494f-59816-0-9431719109416008-package /var/folders/jt/gylbm9cs0wg_mxfkzzn8bh_40000gn/T/npm-64881/1360607459816-0.9431719109416008/package
67 silly lockFile 887113ad-59816-0-9431719109416008-tmp-tgz /var/folders/jt/gylbm9cs0wg_mxfkzzn8bh_40000gn/T/npm-64881/1360607459816-0.9431719109416008/tmp.tgz
68 silly lockFile 887113ad-59816-0-9431719109416008-tmp-tgz /var/folders/jt/gylbm9cs0wg_mxfkzzn8bh_40000gn/T/npm-64881/1360607459816-0.9431719109416008/tmp.tgz
69 verbose from cache /var/folders/jt/gylbm9cs0wg_mxfkzzn8bh_40000gn/T/npm-64881/1360607459816-0.9431719109416008/package/package.json
70 verbose tar pack [ '/Users/petersirka/.npm/partial.js/1.1.8-4/package.tgz',
70 verbose tar pack   '/var/folders/jt/gylbm9cs0wg_mxfkzzn8bh_40000gn/T/npm-64881/1360607459816-0.9431719109416008/package' ]
71 verbose tarball /Users/petersirka/.npm/partial.js/1.1.8-4/package.tgz
72 verbose folder /var/folders/jt/gylbm9cs0wg_mxfkzzn8bh_40000gn/T/npm-64881/1360607459816-0.9431719109416008/package
73 silly lockFile ffb0494f-59816-0-9431719109416008-package /var/folders/jt/gylbm9cs0wg_mxfkzzn8bh_40000gn/T/npm-64881/1360607459816-0.9431719109416008/package
74 verbose lock /var/folders/jt/gylbm9cs0wg_mxfkzzn8bh_40000gn/T/npm-64881/1360607459816-0.9431719109416008/package /Users/petersirka/.npm/ffb0494f-59816-0-9431719109416008-package.lock
75 silly lockFile 0d30a59e-m-partial-js-1-1-8-4-package-tgz /Users/petersirka/.npm/partial.js/1.1.8-4/package.tgz
76 verbose lock /Users/petersirka/.npm/partial.js/1.1.8-4/package.tgz /Users/petersirka/.npm/0d30a59e-m-partial-js-1-1-8-4-package-tgz.lock
77 silly lockFile ffb0494f-59816-0-9431719109416008-package /var/folders/jt/gylbm9cs0wg_mxfkzzn8bh_40000gn/T/npm-64881/1360607459816-0.9431719109416008/package
78 silly lockFile ffb0494f-59816-0-9431719109416008-package /var/folders/jt/gylbm9cs0wg_mxfkzzn8bh_40000gn/T/npm-64881/1360607459816-0.9431719109416008/package
79 silly lockFile 0d30a59e-m-partial-js-1-1-8-4-package-tgz /Users/petersirka/.npm/partial.js/1.1.8-4/package.tgz
80 silly lockFile 0d30a59e-m-partial-js-1-1-8-4-package-tgz /Users/petersirka/.npm/partial.js/1.1.8-4/package.tgz
81 silly lockFile 645fbe6a-a-npm-partial-js-1-1-8-4-package /Users/petersirka/.npm/partial.js/1.1.8-4/package
82 verbose lock /Users/petersirka/.npm/partial.js/1.1.8-4/package /Users/petersirka/.npm/645fbe6a-a-npm-partial-js-1-1-8-4-package.lock
83 silly lockFile 645fbe6a-a-npm-partial-js-1-1-8-4-package /Users/petersirka/.npm/partial.js/1.1.8-4/package
84 silly lockFile 645fbe6a-a-npm-partial-js-1-1-8-4-package /Users/petersirka/.npm/partial.js/1.1.8-4/package
85 verbose tar unpack /Users/petersirka/.npm/partial.js/1.1.8-4/package.tgz
86 silly lockFile 645fbe6a-a-npm-partial-js-1-1-8-4-package /Users/petersirka/.npm/partial.js/1.1.8-4/package
87 verbose lock /Users/petersirka/.npm/partial.js/1.1.8-4/package /Users/petersirka/.npm/645fbe6a-a-npm-partial-js-1-1-8-4-package.lock
88 silly lockFile 0d30a59e-m-partial-js-1-1-8-4-package-tgz /Users/petersirka/.npm/partial.js/1.1.8-4/package.tgz
89 verbose lock /Users/petersirka/.npm/partial.js/1.1.8-4/package.tgz /Users/petersirka/.npm/0d30a59e-m-partial-js-1-1-8-4-package-tgz.lock
90 silly gunzTarPerm modes [ '755', '644' ]
91 silly gunzTarPerm extractEntry package.json
92 silly gunzTarPerm extractEntry .npmignore
93 silly gunzTarPerm extractEntry builders.js
94 silly gunzTarPerm extractEntry couchdb.js
95 silly gunzTarPerm extractEntry index.js
96 silly gunzTarPerm extractEntry rdbms.js
97 silly gunzTarPerm extractEntry mail.js
98 silly gunzTarPerm extractEntry picture.js
99 silly gunzTarPerm extractEntry mongodb.js
100 silly gunzTarPerm extractEntry utils.js
101 silly gunzTarPerm extractEntry markdown.js
102 silly gunzTarPerm extractEntry bin/partial
103 silly gunzTarPerm extractEntry lib/builders.js
104 silly gunzTarPerm extractEntry lib/javascript.js
105 silly gunzTarPerm extractEntry lib/less.js
106 silly gunzTarPerm extractEntry lib/mail.js
107 silly gunzTarPerm extractEntry lib/internal.js
108 silly gunzTarPerm extractEntry lib/mongodb.js
109 silly gunzTarPerm extractEntry lib/multipart.js
110 silly gunzTarPerm extractEntry lib/picture.js
111 silly gunzTarPerm extractEntry lib/prototypes.js
112 silly gunzTarPerm extractEntry lib/rdbms.js
113 silly gunzTarPerm extractEntry lib/index.js
114 silly gunzTarPerm extractEntry lib/subscribe.js
115 silly gunzTarPerm extractEntry lib/couchdb.js
116 silly gunzTarPerm extractEntry lib/template.js
117 silly gunzTarPerm extractEntry lib/controller.js
118 silly gunzTarPerm extractEntry lib/utils.js
119 silly gunzTarPerm extractEntry lib/cache.js
120 silly gunzTarPerm extractEntry lib/view.js
121 silly gunzTarPerm extractEntry lib/markdown.js
122 silly gunzTarPerm extractEntry readme.md
123 verbose read json /Users/petersirka/.npm/partial.js/1.1.8-4/package/package.json
124 silly lockFile 645fbe6a-a-npm-partial-js-1-1-8-4-package /Users/petersirka/.npm/partial.js/1.1.8-4/package
125 silly lockFile 645fbe6a-a-npm-partial-js-1-1-8-4-package /Users/petersirka/.npm/partial.js/1.1.8-4/package
126 silly lockFile 0d30a59e-m-partial-js-1-1-8-4-package-tgz /Users/petersirka/.npm/partial.js/1.1.8-4/package.tgz
127 silly lockFile 0d30a59e-m-partial-js-1-1-8-4-package-tgz /Users/petersirka/.npm/partial.js/1.1.8-4/package.tgz
128 silly shasum updated bytes 40960
129 silly shasum updated bytes 15806
130 info shasum 14581484659203001c5d43a4c74ea6511d2b8aa9
130 info shasum /Users/petersirka/.npm/partial.js/1.1.8-4/package.tgz
131 verbose from cache /Users/petersirka/.npm/partial.js/1.1.8-4/package/package.json
132 verbose chmod /Users/petersirka/.npm/partial.js/1.1.8-4/package.tgz 644
133 verbose chown /Users/petersirka/.npm/partial.js/1.1.8-4/package.tgz [ 501, 20 ]
134 silly lockFile 3a52ce78- .
135 silly publish { name: 'partial.js',
135 silly publish   version: '1.1.8-4',
135 silly publish   versionDifference: '1.1.7-3',
135 silly publish   description: 'web application framework for node.js',
135 silly publish   main: './index.js',
135 silly publish   engines: { node: '0.8.x' },
135 silly publish   readmeFilename: 'readme.md',
135 silly publish   scripts: { test: 'echo "Error: no test specified" && exit 1' },
135 silly publish   repository:
135 silly publish    { type: 'git',
135 silly publish      url: 'https://github.com/petersirka/partial.js.git' },
135 silly publish   author: { name: 'Peter Širka' },
135 silly publish   bin: { 'partial.js': './bin/partial' },
135 silly publish   _from: '.',
135 silly publish   directories: { test: 'test' },
135 silly publish   readme: '![partial.js logo](http://petersirka.sk/partial-js/logo-new.png)\n\nweb application framework for node.js\n=====================================\n\nhttp://partialjs.com\n\n* Async web framework - [example](https://github.com/petersirka/partial.js/tree/master/examples/async)\n* Simple view engine - [example](https://github.com/petersirka/partial.js/tree/master/examples/views)\n* Simple routing + support flags [\'xhr\', \'post\', \'get\', \'put\', \'delete\', \'upload\', \'json\', \'logged\', \'unlogged\', \'debug\'] - [example](https://github.com/petersirka/partial.js/tree/master/examples/routing)\n* Simple cacheing - [http cache example](https://github.com/petersirka/partial.js/tree/master/examples/cache-http), [partial cache example](https://github.com/petersirka/partial.js/tree/master/examples/cache-partial)\n* Simple directory structure (controllers, modules, public, logs, tmp, templates, views, resources)\n* Simple code structure\n* Simple error handling\n* Simple cookie manipulation - [example](https://github.com/petersirka/partial.js/tree/master/examples/cookies)\n* Simple listing via templates - [example](https://github.com/petersirka/partial.js/tree/master/examples/templating)\n* XSS protection\n* Share controller functions and models over framework - [example](https://github.com/petersirka/partial.js/tree/master/examples/controller-sharing)\n* __Assertion Testing__ - [example](https://github.com/petersirka/partial.js/tree/master/examples/testing)\n* Supports routing to static file for dynamic creating static file - [example](https://github.com/petersirka/partial.js/tree/master/examples/routing)\n* Supports controller sharing between other controllers - [example](https://github.com/petersirka/partial.js/tree/master/examples/controller-sharing)\n* Supports debug mode with custom settings without cache - [example](https://github.com/petersirka/partial.js/tree/master/examples/config-debug-release)\n* Supports file upload - [example](https://github.com/petersirka/partial.js/tree/master/examples/upload-multipart)\n* Supports copy&paste custom code between projects - [example](https://github.com/petersirka/partial.js/tree/master/examples/framework-custom)\n* __Supports modules__ (module can create route, view, template, content, resource or static CSS/JS file) - [example](https://github.com/petersirka/partial.js/tree/master/examples/framework-modules)\n* Supports form data validation - [example](https://github.com/petersirka/partial.js/tree/master/examples/validation)\n* Supports simple log writer - [example](https://github.com/petersirka/partial.js/tree/master/examples/logs)\n* Supports simple restrictions [example](https://github.com/petersirka/partial.js/tree/master/examples/restrictions-ip)\n* Supports static files\n* Supports JavaScript compress\n* Supports JavaScript dynamic compress in views - [example](https://github.com/petersirka/partial.js/tree/master/examples/views-javascript-compress)\n* Supports simple LESS CSS (with compress) - [example](https://github.com/petersirka/partial.js/tree/master/examples/css-less)\n* Supports Markdown parser - [example](https://github.com/petersirka/partial.js/tree/master/examples/markdown)\n* Supports resources (for multilanguage pages) - [example](https://github.com/petersirka/partial.js/tree/master/examples/localization-resources)\n* __Supports prefixes for mobile devices__ - [example](https://github.com/petersirka/partial.js/tree/master/examples/mobile)\n* Supports simple SMTP mail sender - [example](https://github.com/petersirka/partial.js/tree/master/examples/email-templating)\n* Supports simple mail templating - [example](https://github.com/petersirka/partial.js/tree/master/examples/email-templating)\n* Supports simple ORM (via HTTP-RDBMS)\n* Supports custom authorization - [example](https://github.com/petersirka/partial.js/tree/master/examples/authorization)\n* Supports HTTP-RDBMS provider (MySQL, SQL Server, OleDB, ODBC), more on https://github.com/petersirka/http-rdbms/\n* Supports simple CouchDB provider - [example](https://github.com/petersirka/partial.js/tree/master/examples/authorization)\n* Supports REST API MongoDB via https://mongolab.com - [example](https://github.com/petersirka/partial.js/tree/master/examples/mongodb)\n* Supports simple image processing (resize, crop, blur, sepia, grayscale, etc.)  with GraphicsMagick or ImageMagick - [example](https://github.com/petersirka/partial.js/tree/master/examples/picture-resize)\n* Supports render controller in controller\n* Easy adding dynamic META tags in views or controllers - [example](https://github.com/petersirka/partial.js/tree/master/examples/views-meta)\n* Easy adding dynamic Settings in views or controllers - [example](https://github.com/petersirka/partial.js/tree/master/examples/views-settings)\n* Simple use paypal payment with [node-paypal](https://github.com/petersirka/node-paypal) - [example](https://github.com/petersirka/partial.js/tree/master/examples/paypal)\n* Supports simple paging builder - [example](https://github.com/petersirka/partial.js/tree/master/examples/paging)\n* Supports live usage information - [example](https://github.com/petersirka/partial.js/tree/master/examples/framework-usage)\n* Supports dynamic stop server - [example](https://github.com/petersirka/partial.js/tree/master/examples/framework-stop)\n* Supports verification of framework - [example](https://github.com/petersirka/partial.js/tree/master/examples/framework-verification)\n* About 8 000 lines of JavaScript code\n* __No dependencies__\n* [More examples](https://github.com/petersirka/partial.js/tree/master/examples)\n\n***\n\n> I am still improving my english. Please do not hesitate to contact me in any contradictions.\n\n***\n\n## Simple eshop example\nhttp://eshop.partialjs.com\n\n## partial.js homepage\nhttp://partialjs.com\n\n## partial.js documentation\nhttp://partialjs.com/documentation/\n\n***\n\n## Run your website:\n\n- download empty website project\n- open terminal and find website directory\n- write and run on terminal:\n\n```text\n$ node index.js\n```\n\n***\n\n## NPM partial.js\n\n- create on your desktop empty directory with name: website\n- create file index.js\n- open terminal and find this directory: cd /Desktop/website/\n- write and run on terminal:\n\n```text\n$ npm install partial.js\n```\n\n## Create empty project from terminal\n\n```text\n$ cd newproject\n$ partial.js\n```\n\nor\n\n```text\n$ partial.js /users/petersirka/desktop/newproject/\n```\n\n***\n\n## Plans\n\n> I want perfect and stability web application framework. Currently is framework in testing mode and stable version will be in short time.\n\n## Simple example\n\n> index.js\n\n```js\nvar framework = require(\'partial.js\');\nvar http = require(\'http\');\n\nvar port = 8004;\nvar debug = true;\n\nframework.init(http, debug, port);\n\n// Initialize controllers\nframework.controller(\'global\');\n\nconsole.log("http://127.0.0.1:{0}/".format(port));\n```\n\n> controllers / global.js\n\n```js\nexports.init = function() {\n\tvar self = this;\n\tself.route(\'/\', viewHomepage);\n\tself.route(\'#404\', error404);\n\tself.route(\'#500\', error500);\n\t// self.route(\'/registration/\', viewRegistration, [\'ajax\', \'post\']);\n\t// self.route(\'/products/{category}/\', viewProducts);\n\t// self.route(\'/products/{category}/{subcategory}/\', viewProducts);\n\t// self.route(\'/user/\', viewUser, [\'logged\']);\n};\n\n// Not Found\nfunction error404() {\n\tvar self = this;\n\tself.statusCode = 404;\n\tself.view(\'404\');\n}\n\n// Internal Server Error\nfunction error500() {\n\tvar self = this;\n\tself.statusCode = 500;\n\tself.view(\'500\');\n}\n\nfunction viewHomepage() {\n\tvar self = this;\n\tself.repository.title = \'Web application framework\';\n\tself.view(\'homepage\', { name: \'Peter\' });\n}\n```\n\n> views / _layout.html\n\n```html\n<!DOCTYPE html>\n<html>\n<head>\n    @{meta}\n    <meta charset="utf-8" />\n\t<meta http-equiv="content-language" content="sk" />\n\t<meta http-equiv="X-UA-Compatible" content="IE=10" />\n\t<meta name="format-detection" content="telephone=no"/>\n\t<meta name="viewport" content="width=1024, user-scalable=yes" />\n\t<meta name="robots" content="all,follow" />\n\t<link rel="stylesheet" href="@{routeCSS(\'p.css\')}" />\n\t<script type="text/javascript" src="//ajax.googleapis.com/ajax/libs/jquery/1.8.3/jquery.min.js"></script>\n\t<script type="text/javascript" src="@{routeJS(\'p.js\')}" ></script>\n</head>\n<body>\n\t<div class="content">\n\t\t@{body}\n\t</div>\n</body>\n</html>\n```\n\n> views / homepage.html\n\n```html\n@{meta(\'My Homepage\', \'My Homepage description\', \'My Homepage keywords\')}\n\n<h1>@{repository.title}</h1>\nWelcome @{model.name}!\n```\n\n> RESULT\n\n```html\n\n<!DOCTYPE html>\n<html>\n<head>\n    <title>My Homepage</title>\n    <meta name="description" content="My Homepage description" />\n    <meta name="keywords" content="My Homepage keywords" />\n    <meta charset="utf-8" />\n\t<meta http-equiv="content-language" content="sk" />\n\t<meta http-equiv="X-UA-Compatible" content="IE=10" />\n\t<meta name="format-detection" content="telephone=no"/>\n\t<meta name="viewport" content="width=1024, user-scalable=yes" />\n\t<meta name="robots" content="all,follow" />\n\t<link rel="stylesheet" href="/data/p.css" />\n\t<script type="text/javascript" src="//ajax.googleapis.com/ajax/libs/jquery/1.8.3/jquery.min.js"></script>\n\t<script type="text/javascript" src="/data/p.js" ></script>\n</head>\n<body>\n\t<div class="content">\n\t\t<h1>Web application framework</h1>\t\t\n\t\tWelcome Peter!\n\t</div>\n</body>\n</html>\n\n```\n\n***\n\n## Simple ORM via HTTP-RDBMS\n\n- supports parameters (resolve for SQL injection)\n- supports schema builder\n- supports query builder\n- supports order builder\n- supports paging\n\n```js\nvar builders = new requiere(\'partial.js/builders\');\nvar rdbms = new requiere(\'partial.js/rdbms\');\n\nvar db = new rdbms.SQLServer(\'http://myrdbms/sqlserver/\', \'Data Source=;Database=;Uid=;Pwd=;\');\n\n// or\n\nvar db = new rdbms.MySQL(\'http://myrdbms/mysql/\', \'Server=;Database=;Uid=;Pwd=;\');\n\nbuilders.schema(\'tbl_user\', {\n\tId: \'int\',\n\tFirstName: \'string(50)\',\n\tLastName: \'string(50)\',\n\tAge: \'int\'\n}, \'Id\');\n\nvar newUser = {\n\tFirstName: \'Peter\',\n\tLastName: \'Sirka\',\n\tAge: 28\n};\n\ndb.insert(\'tbl_user\', newUser, function(data) {\n\n\tconsole.log(data.Id);\n\tdb.delete(\'tbl_user\', newUser);\n\n});\n\nvar where = new builders.QueryBuilder();\nvar order = new builders.OrderBuilder();\n\norder.asc(\'Id\').desc(\'FistName\');\nwhere.addValue(\'Id\', \'>\', 10).addOperator(\'AND\').addValue(\'FistName\', \'=\', \'Peter\');\n// Query:\n// SQL Server: Id > @a AND FirstName = @b\n// MySQL: Id > ? AND FirstName = ?\n\ndb.findTop(10, \'tbl_user\', where, order, function(data) {\n\tconsole.log(data);\n});\n\ndb.execute(\'UPDATE tbl_user SET Price=20 WHERE Id BETWEEN {a} AND {b}\', { a: 10, b: 20 });\n// Query:\n// SQL Server: UPDATE tbl_user SET Price=20 WHERE Id BETWEEN @a AND @b\n// MySQL: UPDATE tbl_user SET Price=20 WHERE Id BETWEEN ? AND ?\n\ndb.scalar(\'SELECT COUNT(*) FROM tbl_user\', null, null, function(err, data) {\n\tconsole.log(data);\n});\n\n// multiple recordset\ndb.reader(\'SELECT Id, LastName FORM tbl_user; SELECT Id, FirstName FROM tbl_user\', function(err, data) {\n\t// data[0] == []\n\t// data[1] == []\n});\n\ndb.count(\'tbl_user\', function(err, data) {\n\t// data.value\n});\n\ndb.count(\'tbl_user\', where, function(err, data) {\n\t// data.value\n});\n\n```\n\n***\n\n## Contact\n\n<http://www.petersirka.sk>\n',
135 silly publish   _id: 'partial.js@1.1.8-4',
135 silly publish   dist: { shasum: '14581484659203001c5d43a4c74ea6511d2b8aa9' } }
136 verbose url raw partial.js
137 verbose url resolving [ 'https://registry.npmjs.org/', './partial.js' ]
138 verbose url resolved https://registry.npmjs.org/partial.js
139 error publish Failed PUT response undefined
140 error Error: login error
140 error     at RegClient.<anonymous> (/usr/local/lib/node_modules/npm/node_modules/npm-registry-client/lib/request.js:81:22)
140 error     at CouchLogin.<anonymous> (/usr/local/lib/node_modules/npm/node_modules/npm-registry-client/node_modules/couch-login/couch-login.js:177:14)
140 error     at CouchLogin.<anonymous> (/usr/local/lib/node_modules/npm/node_modules/npm-registry-client/node_modules/couch-login/couch-login.js:159:46)
140 error     at Request.init.self.callback (/usr/local/lib/node_modules/npm/node_modules/request/main.js:120:22)
140 error     at Request.EventEmitter.emit (events.js:99:17)
140 error     at Request.<anonymous> (/usr/local/lib/node_modules/npm/node_modules/request/main.js:648:16)
140 error     at Request.EventEmitter.emit (events.js:126:20)
140 error     at IncomingMessage.Request.start.self.req.self.httpModule.request.buffer (/usr/local/lib/node_modules/npm/node_modules/request/main.js:610:14)
140 error     at IncomingMessage.EventEmitter.emit (events.js:126:20)
140 error     at IncomingMessage._emitEnd (http.js:366:10)
141 error If you need help, you may report this log at:
141 error     <http://github.com/isaacs/npm/issues>
141 error or email it to:
141 error     <npm-@googlegroups.com>
142 error System Darwin 12.2.0
143 error command "node" "/usr/bin/npm" "publish"
144 error cwd /Volumes/Development/github/partial.js
145 error node -v v0.8.19
146 error npm -v 1.2.10
147 verbose exit [ 1, true ]
